<?xml version="1.0" encoding="UTF-8"?>
<!-- Generated by org.testng.reporters.JUnitReportReporter -->
<testsuite skipped="0" hostname="manju-PC" name="test.Swipe_Example" tests="1" failures="0" timestamp="15 Jul 2018 17:51:18 GMT" time="33.375" errors="1">
  <testcase name="tpToBottom" time="33.375" classname="test.Swipe_Example">
    <error type="org.openqa.selenium.NoSuchElementException" message="An element could not be located on the page using the given search parameters. (WARNING: The server did not provide any stacktrace information)
Command duration or timeout: 261 milliseconds
For documentation on this error, please visit: http://seleniumhq.org/exceptions/no_such_element.html
Build info: version: &#039;3.3.1&#039;, revision: &#039;5234b325d5&#039;, time: &#039;2017-03-10 09:10:29 +0000&#039;
System info: host: &#039;MANJU-PC&#039;, ip: &#039;192.168.1.8&#039;, os.name: &#039;Windows 7&#039;, os.arch: &#039;amd64&#039;, os.version: &#039;6.1&#039;, java.version: &#039;1.8.0_111&#039;
Driver info: io.appium.java_client.android.AndroidDriver
Capabilities [{appPackage=com.aetherpal.enterprise, noReset=true, deviceName=CB5A20X5AA, fullReset=false, platform=ANDROID, deviceUDID=CB5A20X5AA, desired={appPackage=com.aetherpal.enterprise, app=C:/Users/manju/Desktop/apk/AP_MS_142_3550.apk, appActivity=com.aetherpal.smartcare.ValetScueActivity, noReset=true, newCommandTimeout=0, appWaitActivity=com.aetherpal.smartcare.ValetScueActivity, browserName=android, platformName=Android, version=6.0, deviceName=CB5A20X5AA, fullReset=false, platform=ANDROID}, newCommandTimeout=0, platformVersion=6.0.1, webStorageEnabled=false, takesScreenshot=true, browserName=android, javascriptEnabled=true, platformName=Android, deviceManufacturer=Sony, app=C:/Users/manju/Desktop/apk/AP_MS_142_3550.apk, deviceScreenSize=1080x1920, networkConnectionEnabled=true, warnings={}, appWaitActivity=com.aetherpal.smartcare.ValetScueActivity, databaseEnabled=false, version=6.0, appActivity=com.aetherpal.smartcare.ValetScueActivity, locationContextEnabled=false, deviceModel=D6653}]
Session ID: a520803f-5f04-4888-b24f-f3b98864894e
*** Element info: {Using=id, value=footer_devicehealth}">
      <![CDATA[org.openqa.selenium.NoSuchElementException: An element could not be located on the page using the given search parameters. (WARNING: The server did not provide any stacktrace information)
Command duration or timeout: 261 milliseconds
For documentation on this error, please visit: http://seleniumhq.org/exceptions/no_such_element.html
Build info: version: '3.3.1', revision: '5234b325d5', time: '2017-03-10 09:10:29 +0000'
System info: host: 'MANJU-PC', ip: '192.168.1.8', os.name: 'Windows 7', os.arch: 'amd64', os.version: '6.1', java.version: '1.8.0_111'
Driver info: io.appium.java_client.android.AndroidDriver
Capabilities [{appPackage=com.aetherpal.enterprise, noReset=true, deviceName=CB5A20X5AA, fullReset=false, platform=ANDROID, deviceUDID=CB5A20X5AA, desired={appPackage=com.aetherpal.enterprise, app=C:/Users/manju/Desktop/apk/AP_MS_142_3550.apk, appActivity=com.aetherpal.smartcare.ValetScueActivity, noReset=true, newCommandTimeout=0, appWaitActivity=com.aetherpal.smartcare.ValetScueActivity, browserName=android, platformName=Android, version=6.0, deviceName=CB5A20X5AA, fullReset=false, platform=ANDROID}, newCommandTimeout=0, platformVersion=6.0.1, webStorageEnabled=false, takesScreenshot=true, browserName=android, javascriptEnabled=true, platformName=Android, deviceManufacturer=Sony, app=C:/Users/manju/Desktop/apk/AP_MS_142_3550.apk, deviceScreenSize=1080x1920, networkConnectionEnabled=true, warnings={}, appWaitActivity=com.aetherpal.smartcare.ValetScueActivity, databaseEnabled=false, version=6.0, appActivity=com.aetherpal.smartcare.ValetScueActivity, locationContextEnabled=false, deviceModel=D6653}]
Session ID: a520803f-5f04-4888-b24f-f3b98864894e
*** Element info: {Using=id, value=footer_devicehealth}
	at sun.reflect.NativeConstructorAccessorImpl.newInstance0(Native Method)
	at sun.reflect.NativeConstructorAccessorImpl.newInstance(Unknown Source)
	at sun.reflect.DelegatingConstructorAccessorImpl.newInstance(Unknown Source)
	at java.lang.reflect.Constructor.newInstance(Unknown Source)
	at org.openqa.selenium.remote.ErrorHandler.createThrowable(ErrorHandler.java:216)
	at org.openqa.selenium.remote.ErrorHandler.throwIfResponseFailed(ErrorHandler.java:168)
	at org.openqa.selenium.remote.RemoteWebDriver.execute(RemoteWebDriver.java:638)
	at io.appium.java_client.DefaultGenericMobileDriver.execute(DefaultGenericMobileDriver.java:42)
	at io.appium.java_client.AppiumDriver.execute(AppiumDriver.java:1)
	at io.appium.java_client.android.AndroidDriver.execute(AndroidDriver.java:1)
	at org.openqa.selenium.remote.RemoteWebDriver.findElement(RemoteWebDriver.java:371)
	at org.openqa.selenium.remote.RemoteWebDriver.findElementById(RemoteWebDriver.java:420)
	at io.appium.java_client.DefaultGenericMobileDriver.findElementById(DefaultGenericMobileDriver.java:62)
	at io.appium.java_client.AppiumDriver.findElementById(AppiumDriver.java:1)
	at io.appium.java_client.android.AndroidDriver.findElementById(AndroidDriver.java:1)
	at org.openqa.selenium.By$ById.findElement(By.java:218)
	at org.openqa.selenium.remote.RemoteWebDriver.findElement(RemoteWebDriver.java:363)
	at io.appium.java_client.DefaultGenericMobileDriver.findElement(DefaultGenericMobileDriver.java:52)
	at io.appium.java_client.AppiumDriver.findElement(AppiumDriver.java:1)
	at io.appium.java_client.android.AndroidDriver.findElement(AndroidDriver.java:1)
	at test.Swipe_Example.tpToBottom(Swipe_Example.java:81)
	at sun.reflect.NativeMethodAccessorImpl.invoke0(Native Method)
	at sun.reflect.NativeMethodAccessorImpl.invoke(Unknown Source)
	at sun.reflect.DelegatingMethodAccessorImpl.invoke(Unknown Source)
	at java.lang.reflect.Method.invoke(Unknown Source)
	at org.testng.internal.MethodInvocationHelper.invokeMethod(MethodInvocationHelper.java:108)
	at org.testng.internal.Invoker.invokeMethod(Invoker.java:661)
	at org.testng.internal.Invoker.invokeTestMethod(Invoker.java:869)
	at org.testng.internal.Invoker.invokeTestMethods(Invoker.java:1193)
	at org.testng.internal.TestMethodWorker.invokeTestMethods(TestMethodWorker.java:126)
	at org.testng.internal.TestMethodWorker.run(TestMethodWorker.java:109)
	at org.testng.TestRunner.privateRun(TestRunner.java:744)
	at org.testng.TestRunner.run(TestRunner.java:602)
	at org.testng.SuiteRunner.runTest(SuiteRunner.java:380)
	at org.testng.SuiteRunner.runSequentially(SuiteRunner.java:375)
	at org.testng.SuiteRunner.privateRun(SuiteRunner.java:340)
	at org.testng.SuiteRunner.run(SuiteRunner.java:289)
	at org.testng.SuiteRunnerWorker.runSuite(SuiteRunnerWorker.java:52)
	at org.testng.SuiteRunnerWorker.run(SuiteRunnerWorker.java:86)
	at org.testng.TestNG.runSuitesSequentially(TestNG.java:1301)
	at org.testng.TestNG.runSuitesLocally(TestNG.java:1226)
	at org.testng.TestNG.runSuites(TestNG.java:1144)
	at org.testng.TestNG.run(TestNG.java:1115)
	at org.testng.remote.AbstractRemoteTestNG.run(AbstractRemoteTestNG.java:132)
	at org.testng.remote.RemoteTestNG.initAndRun(RemoteTestNG.java:236)
	at org.testng.remote.RemoteTestNG.main(RemoteTestNG.java:81)
]]>
    </error>
  </testcase> <!-- tpToBottom -->
</testsuite> <!-- test.Swipe_Example -->
