<?xml version="1.0" encoding="UTF-8"?>
<!-- Generated by org.testng.reporters.JUnitReportReporter -->
<testsuite skipped="0" hostname="manju-PC" name="test.DHAutomation" tests="2" failures="0" timestamp="09 Jul 2018 17:27:10 GMT" time="39.152" errors="2">
  <testcase name="mobileSide" time="38.683" classname="test.DHAutomation">
    <error type="org.openqa.selenium.NoSuchElementException" message="An element could not be located on the page using the given search parameters. (WARNING: The server did not provide any stacktrace information)
Command duration or timeout: 230 milliseconds
For documentation on this error, please visit: http://seleniumhq.org/exceptions/no_such_element.html
Build info: version: &#039;3.3.1&#039;, revision: &#039;5234b325d5&#039;, time: &#039;2017-03-10 09:10:29 +0000&#039;
System info: host: &#039;MANJU-PC&#039;, ip: &#039;192.168.1.7&#039;, os.name: &#039;Windows 7&#039;, os.arch: &#039;amd64&#039;, os.version: &#039;6.1&#039;, java.version: &#039;1.8.0_111&#039;
Driver info: io.appium.java_client.android.AndroidDriver
Capabilities [{appPackage=com.att.dh, noReset=true, deviceName=CB5A20X5AA, fullReset=false, platform=ANDROID, deviceUDID=CB5A20X5AA, desired={appPackage=com.att.dh, app=C://Users//manju//Desktop//Selenium//Appium//Test apk//DH_appiumTest.apk, appActivity=com.aetherpal.smartcare.DeviceHelpHome, noReset=true, newCommandTimeout=100, appWaitActivity=com.aetherpal.smartcare.DeviceHelpHome, browserName=android, platformName=Android, version=6.0.1, deviceName=CB5A20X5AA, fullReset=false, platform=ANDROID}, newCommandTimeout=100, platformVersion=6.0.1, webStorageEnabled=false, takesScreenshot=true, browserName=android, javascriptEnabled=true, platformName=Android, deviceManufacturer=Sony, app=C://Users//manju//Desktop//Selenium//Appium//Test apk//DH_appiumTest.apk, deviceScreenSize=1080x1920, networkConnectionEnabled=true, warnings={}, appWaitActivity=com.aetherpal.smartcare.DeviceHelpHome, databaseEnabled=false, version=6.0.1, appActivity=com.aetherpal.smartcare.DeviceHelpHome, locationContextEnabled=false, deviceModel=D6653}]
Session ID: e0521ff9-acd8-4417-b427-3bb9cfe0d6f4
*** Element info: {Using=xpath, value=/hierarchy/android.widget.FrameLayout/android.widget.LinearLayout/android.widget.FrameLayout/android.widget.LinearLayout/android.widget.FrameLayout/android.widget.FrameLayout/android.view.ViewGroup/android.webkit.WebView/android.webkit.WebView/android.view.View/android.view.View[2]/android.view.View[1]/android.view.View[2]/android.view.View[1]/android.widget.Button}">
      <![CDATA[org.openqa.selenium.NoSuchElementException: An element could not be located on the page using the given search parameters. (WARNING: The server did not provide any stacktrace information)
Command duration or timeout: 230 milliseconds
For documentation on this error, please visit: http://seleniumhq.org/exceptions/no_such_element.html
Build info: version: '3.3.1', revision: '5234b325d5', time: '2017-03-10 09:10:29 +0000'
System info: host: 'MANJU-PC', ip: '192.168.1.7', os.name: 'Windows 7', os.arch: 'amd64', os.version: '6.1', java.version: '1.8.0_111'
Driver info: io.appium.java_client.android.AndroidDriver
Capabilities [{appPackage=com.att.dh, noReset=true, deviceName=CB5A20X5AA, fullReset=false, platform=ANDROID, deviceUDID=CB5A20X5AA, desired={appPackage=com.att.dh, app=C://Users//manju//Desktop//Selenium//Appium//Test apk//DH_appiumTest.apk, appActivity=com.aetherpal.smartcare.DeviceHelpHome, noReset=true, newCommandTimeout=100, appWaitActivity=com.aetherpal.smartcare.DeviceHelpHome, browserName=android, platformName=Android, version=6.0.1, deviceName=CB5A20X5AA, fullReset=false, platform=ANDROID}, newCommandTimeout=100, platformVersion=6.0.1, webStorageEnabled=false, takesScreenshot=true, browserName=android, javascriptEnabled=true, platformName=Android, deviceManufacturer=Sony, app=C://Users//manju//Desktop//Selenium//Appium//Test apk//DH_appiumTest.apk, deviceScreenSize=1080x1920, networkConnectionEnabled=true, warnings={}, appWaitActivity=com.aetherpal.smartcare.DeviceHelpHome, databaseEnabled=false, version=6.0.1, appActivity=com.aetherpal.smartcare.DeviceHelpHome, locationContextEnabled=false, deviceModel=D6653}]
Session ID: e0521ff9-acd8-4417-b427-3bb9cfe0d6f4
*** Element info: {Using=xpath, value=/hierarchy/android.widget.FrameLayout/android.widget.LinearLayout/android.widget.FrameLayout/android.widget.LinearLayout/android.widget.FrameLayout/android.widget.FrameLayout/android.view.ViewGroup/android.webkit.WebView/android.webkit.WebView/android.view.View/android.view.View[2]/android.view.View[1]/android.view.View[2]/android.view.View[1]/android.widget.Button}
	at sun.reflect.NativeConstructorAccessorImpl.newInstance0(Native Method)
	at sun.reflect.NativeConstructorAccessorImpl.newInstance(Unknown Source)
	at sun.reflect.DelegatingConstructorAccessorImpl.newInstance(Unknown Source)
	at java.lang.reflect.Constructor.newInstance(Unknown Source)
	at org.openqa.selenium.remote.ErrorHandler.createThrowable(ErrorHandler.java:216)
	at org.openqa.selenium.remote.ErrorHandler.throwIfResponseFailed(ErrorHandler.java:168)
	at org.openqa.selenium.remote.RemoteWebDriver.execute(RemoteWebDriver.java:638)
	at io.appium.java_client.DefaultGenericMobileDriver.execute(DefaultGenericMobileDriver.java:42)
	at io.appium.java_client.AppiumDriver.execute(AppiumDriver.java:1)
	at io.appium.java_client.android.AndroidDriver.execute(AndroidDriver.java:1)
	at org.openqa.selenium.remote.RemoteWebDriver.findElement(RemoteWebDriver.java:371)
	at org.openqa.selenium.remote.RemoteWebDriver.findElementByXPath(RemoteWebDriver.java:476)
	at io.appium.java_client.DefaultGenericMobileDriver.findElementByXPath(DefaultGenericMobileDriver.java:132)
	at io.appium.java_client.AppiumDriver.findElementByXPath(AppiumDriver.java:1)
	at io.appium.java_client.android.AndroidDriver.findElementByXPath(AndroidDriver.java:1)
	at org.openqa.selenium.By$ByXPath.findElement(By.java:361)
	at org.openqa.selenium.remote.RemoteWebDriver.findElement(RemoteWebDriver.java:363)
	at io.appium.java_client.DefaultGenericMobileDriver.findElement(DefaultGenericMobileDriver.java:52)
	at io.appium.java_client.AppiumDriver.findElement(AppiumDriver.java:1)
	at io.appium.java_client.android.AndroidDriver.findElement(AndroidDriver.java:1)
	at test.DHAutomation.mobileSide(DHAutomation.java:42)
	at sun.reflect.NativeMethodAccessorImpl.invoke0(Native Method)
	at sun.reflect.NativeMethodAccessorImpl.invoke(Unknown Source)
	at sun.reflect.DelegatingMethodAccessorImpl.invoke(Unknown Source)
	at java.lang.reflect.Method.invoke(Unknown Source)
	at org.testng.internal.MethodInvocationHelper.invokeMethod(MethodInvocationHelper.java:108)
	at org.testng.internal.Invoker.invokeMethod(Invoker.java:661)
	at org.testng.internal.Invoker.invokeTestMethod(Invoker.java:869)
	at org.testng.internal.Invoker.invokeTestMethods(Invoker.java:1193)
	at org.testng.internal.TestMethodWorker.invokeTestMethods(TestMethodWorker.java:126)
	at org.testng.internal.TestMethodWorker.run(TestMethodWorker.java:109)
	at org.testng.TestRunner.privateRun(TestRunner.java:744)
	at org.testng.TestRunner.run(TestRunner.java:602)
	at org.testng.SuiteRunner.runTest(SuiteRunner.java:380)
	at org.testng.SuiteRunner.runSequentially(SuiteRunner.java:375)
	at org.testng.SuiteRunner.privateRun(SuiteRunner.java:340)
	at org.testng.SuiteRunner.run(SuiteRunner.java:289)
	at org.testng.SuiteRunnerWorker.runSuite(SuiteRunnerWorker.java:52)
	at org.testng.SuiteRunnerWorker.run(SuiteRunnerWorker.java:86)
	at org.testng.TestNG.runSuitesSequentially(TestNG.java:1301)
	at org.testng.TestNG.runSuitesLocally(TestNG.java:1226)
	at org.testng.TestNG.runSuites(TestNG.java:1144)
	at org.testng.TestNG.run(TestNG.java:1115)
	at org.testng.remote.AbstractRemoteTestNG.run(AbstractRemoteTestNG.java:132)
	at org.testng.remote.RemoteTestNG.initAndRun(RemoteTestNG.java:236)
	at org.testng.remote.RemoteTestNG.main(RemoteTestNG.java:81)
]]>
    </error>
  </testcase> <!-- mobileSide -->
  <testcase name="OSAPPS" time="0.469" classname="test.DHAutomation">
    <error type="org.openqa.selenium.NoSuchElementException" message="An element could not be located on the page using the given search parameters. (WARNING: The server did not provide any stacktrace information)
Command duration or timeout: 461 milliseconds
For documentation on this error, please visit: http://seleniumhq.org/exceptions/no_such_element.html
Build info: version: &#039;3.3.1&#039;, revision: &#039;5234b325d5&#039;, time: &#039;2017-03-10 09:10:29 +0000&#039;
System info: host: &#039;MANJU-PC&#039;, ip: &#039;192.168.1.7&#039;, os.name: &#039;Windows 7&#039;, os.arch: &#039;amd64&#039;, os.version: &#039;6.1&#039;, java.version: &#039;1.8.0_111&#039;
Driver info: io.appium.java_client.android.AndroidDriver
Capabilities [{appPackage=com.att.dh, noReset=true, deviceName=CB5A20X5AA, fullReset=false, platform=ANDROID, deviceUDID=CB5A20X5AA, desired={appPackage=com.att.dh, app=C://Users//manju//Desktop//Selenium//Appium//Test apk//DH_appiumTest.apk, appActivity=com.aetherpal.smartcare.DeviceHelpHome, noReset=true, newCommandTimeout=100, appWaitActivity=com.aetherpal.smartcare.DeviceHelpHome, browserName=android, platformName=Android, version=6.0.1, deviceName=CB5A20X5AA, fullReset=false, platform=ANDROID}, newCommandTimeout=100, platformVersion=6.0.1, webStorageEnabled=false, takesScreenshot=true, browserName=android, javascriptEnabled=true, platformName=Android, deviceManufacturer=Sony, app=C://Users//manju//Desktop//Selenium//Appium//Test apk//DH_appiumTest.apk, deviceScreenSize=1080x1920, networkConnectionEnabled=true, warnings={}, appWaitActivity=com.aetherpal.smartcare.DeviceHelpHome, databaseEnabled=false, version=6.0.1, appActivity=com.aetherpal.smartcare.DeviceHelpHome, locationContextEnabled=false, deviceModel=D6653}]
Session ID: e0521ff9-acd8-4417-b427-3bb9cfe0d6f4
*** Element info: {Using=id, value=os_apps_link}">
      <![CDATA[org.openqa.selenium.NoSuchElementException: An element could not be located on the page using the given search parameters. (WARNING: The server did not provide any stacktrace information)
Command duration or timeout: 461 milliseconds
For documentation on this error, please visit: http://seleniumhq.org/exceptions/no_such_element.html
Build info: version: '3.3.1', revision: '5234b325d5', time: '2017-03-10 09:10:29 +0000'
System info: host: 'MANJU-PC', ip: '192.168.1.7', os.name: 'Windows 7', os.arch: 'amd64', os.version: '6.1', java.version: '1.8.0_111'
Driver info: io.appium.java_client.android.AndroidDriver
Capabilities [{appPackage=com.att.dh, noReset=true, deviceName=CB5A20X5AA, fullReset=false, platform=ANDROID, deviceUDID=CB5A20X5AA, desired={appPackage=com.att.dh, app=C://Users//manju//Desktop//Selenium//Appium//Test apk//DH_appiumTest.apk, appActivity=com.aetherpal.smartcare.DeviceHelpHome, noReset=true, newCommandTimeout=100, appWaitActivity=com.aetherpal.smartcare.DeviceHelpHome, browserName=android, platformName=Android, version=6.0.1, deviceName=CB5A20X5AA, fullReset=false, platform=ANDROID}, newCommandTimeout=100, platformVersion=6.0.1, webStorageEnabled=false, takesScreenshot=true, browserName=android, javascriptEnabled=true, platformName=Android, deviceManufacturer=Sony, app=C://Users//manju//Desktop//Selenium//Appium//Test apk//DH_appiumTest.apk, deviceScreenSize=1080x1920, networkConnectionEnabled=true, warnings={}, appWaitActivity=com.aetherpal.smartcare.DeviceHelpHome, databaseEnabled=false, version=6.0.1, appActivity=com.aetherpal.smartcare.DeviceHelpHome, locationContextEnabled=false, deviceModel=D6653}]
Session ID: e0521ff9-acd8-4417-b427-3bb9cfe0d6f4
*** Element info: {Using=id, value=os_apps_link}
	at sun.reflect.NativeConstructorAccessorImpl.newInstance0(Native Method)
	at sun.reflect.NativeConstructorAccessorImpl.newInstance(Unknown Source)
	at sun.reflect.DelegatingConstructorAccessorImpl.newInstance(Unknown Source)
	at java.lang.reflect.Constructor.newInstance(Unknown Source)
	at org.openqa.selenium.remote.ErrorHandler.createThrowable(ErrorHandler.java:216)
	at org.openqa.selenium.remote.ErrorHandler.throwIfResponseFailed(ErrorHandler.java:168)
	at org.openqa.selenium.remote.RemoteWebDriver.execute(RemoteWebDriver.java:638)
	at io.appium.java_client.DefaultGenericMobileDriver.execute(DefaultGenericMobileDriver.java:42)
	at io.appium.java_client.AppiumDriver.execute(AppiumDriver.java:1)
	at io.appium.java_client.android.AndroidDriver.execute(AndroidDriver.java:1)
	at org.openqa.selenium.remote.RemoteWebDriver.findElement(RemoteWebDriver.java:371)
	at org.openqa.selenium.remote.RemoteWebDriver.findElementById(RemoteWebDriver.java:420)
	at io.appium.java_client.DefaultGenericMobileDriver.findElementById(DefaultGenericMobileDriver.java:62)
	at io.appium.java_client.AppiumDriver.findElementById(AppiumDriver.java:1)
	at io.appium.java_client.android.AndroidDriver.findElementById(AndroidDriver.java:1)
	at org.openqa.selenium.By$ById.findElement(By.java:218)
	at org.openqa.selenium.remote.RemoteWebDriver.findElement(RemoteWebDriver.java:363)
	at io.appium.java_client.DefaultGenericMobileDriver.findElement(DefaultGenericMobileDriver.java:52)
	at io.appium.java_client.AppiumDriver.findElement(AppiumDriver.java:1)
	at io.appium.java_client.android.AndroidDriver.findElement(AndroidDriver.java:1)
	at test.DHAutomation.OSAPPS(DHAutomation.java:155)
	at sun.reflect.NativeMethodAccessorImpl.invoke0(Native Method)
	at sun.reflect.NativeMethodAccessorImpl.invoke(Unknown Source)
	at sun.reflect.DelegatingMethodAccessorImpl.invoke(Unknown Source)
	at java.lang.reflect.Method.invoke(Unknown Source)
	at org.testng.internal.MethodInvocationHelper.invokeMethod(MethodInvocationHelper.java:108)
	at org.testng.internal.Invoker.invokeMethod(Invoker.java:661)
	at org.testng.internal.Invoker.invokeTestMethod(Invoker.java:869)
	at org.testng.internal.Invoker.invokeTestMethods(Invoker.java:1193)
	at org.testng.internal.TestMethodWorker.invokeTestMethods(TestMethodWorker.java:126)
	at org.testng.internal.TestMethodWorker.run(TestMethodWorker.java:109)
	at org.testng.TestRunner.privateRun(TestRunner.java:744)
	at org.testng.TestRunner.run(TestRunner.java:602)
	at org.testng.SuiteRunner.runTest(SuiteRunner.java:380)
	at org.testng.SuiteRunner.runSequentially(SuiteRunner.java:375)
	at org.testng.SuiteRunner.privateRun(SuiteRunner.java:340)
	at org.testng.SuiteRunner.run(SuiteRunner.java:289)
	at org.testng.SuiteRunnerWorker.runSuite(SuiteRunnerWorker.java:52)
	at org.testng.SuiteRunnerWorker.run(SuiteRunnerWorker.java:86)
	at org.testng.TestNG.runSuitesSequentially(TestNG.java:1301)
	at org.testng.TestNG.runSuitesLocally(TestNG.java:1226)
	at org.testng.TestNG.runSuites(TestNG.java:1144)
	at org.testng.TestNG.run(TestNG.java:1115)
	at org.testng.remote.AbstractRemoteTestNG.run(AbstractRemoteTestNG.java:132)
	at org.testng.remote.RemoteTestNG.initAndRun(RemoteTestNG.java:236)
	at org.testng.remote.RemoteTestNG.main(RemoteTestNG.java:81)
]]>
    </error>
  </testcase> <!-- OSAPPS -->
</testsuite> <!-- test.DHAutomation -->
